<?xml version="1.0" encoding="UTF-8" ?>
<testsuites>
  <testsuite errors="0" failures="0" hostname="elgadimo" id="0" name="BadgeSpec" package="fr.isima.webdev" tests="1" time="0.119" timestamp="2015-02-08T17:40:33">
      <properties />

      <testcase classname="fr.isima.webdev.BadgeSpec" name="test  badges" time="0.107" />

      <system-out><![CDATA[--Output from test  badges--
]]></system-out>

      <system-err><![CDATA[--Output from test  badges--
]]></system-err>

  </testsuite>
  <testsuite errors="0" failures="0" hostname="elgadimo" id="1" name="CommentSpec" package="fr.isima.webdev" tests="2" time="0.402" timestamp="2015-02-08T17:40:32">
      <properties />

      <testcase classname="fr.isima.webdev.CommentSpec" name="test creation comment" time="0.244" />

      <testcase classname="fr.isima.webdev.CommentSpec" name="test delete comment" time="0.117" />

      <system-out><![CDATA[--Output from test creation comment--
--Output from test delete comment--
]]></system-out>

      <system-err><![CDATA[--Output from test creation comment--
--Output from test delete comment--
]]></system-err>

  </testsuite>
  <testsuite errors="0" failures="0" hostname="elgadimo" id="2" name="MessageSpec" package="fr.isima.webdev" tests="1" time="0.271" timestamp="2015-02-08T17:40:33">
      <properties />

      <testcase classname="fr.isima.webdev.MessageSpec" name="test heritage" time="0.24" />

      <system-out><![CDATA[--Output from test heritage--
]]></system-out>

      <system-err><![CDATA[--Output from test heritage--
]]></system-err>

  </testsuite>
  <testsuite errors="0" failures="0" hostname="elgadimo" id="3" name="ResponseSpec" package="fr.isima.webdev" tests="3" time="0.366" timestamp="2015-02-08T17:40:34">
      <properties />

      <testcase classname="fr.isima.webdev.ResponseSpec" name="test creation" time="0.173" />

      <testcase classname="fr.isima.webdev.ResponseSpec" name="test Update Response" time="0.075" />

      <testcase classname="fr.isima.webdev.ResponseSpec" name="Delete test" time="0.092" />

      <system-out><![CDATA[--Output from test creation--
--Output from test Update Response--
--Output from Delete test--
]]></system-out>

      <system-err><![CDATA[--Output from test creation--
--Output from test Update Response--
--Output from Delete test--
]]></system-err>

  </testsuite>
  <testsuite errors="0" failures="0" hostname="elgadimo" id="4" name="TopicSpec" package="fr.isima.webdev" tests="4" time="0.409" timestamp="2015-02-08T17:40:33">
      <properties />

      <testcase classname="fr.isima.webdev.TopicSpec" name="test topic creation" time="0.197" />

      <testcase classname="fr.isima.webdev.TopicSpec" name="Delete topic test" time="0.061" />

      <testcase classname="fr.isima.webdev.TopicSpec" name="Update topic test" time="0.069" />

      <testcase classname="fr.isima.webdev.TopicSpec" name="Test data validity" time="0.062" />

      <system-out><![CDATA[--Output from test topic creation--
--Output from Delete topic test--
--Output from Update topic test--
--Output from Test data validity--
]]></system-out>

      <system-err><![CDATA[--Output from test topic creation--
--Output from Delete topic test--
--Output from Update topic test--
--Output from Test data validity--
]]></system-err>

  </testsuite>
  <testsuite errors="0" failures="0" hostname="elgadimo" id="5" name="VoteServiceSpec" package="fr.isima.webdev" tests="5" time="5.32" timestamp="2015-02-08T17:40:27">
      <properties />

      <testcase classname="fr.isima.webdev.VoteServiceSpec" name="test vote up" time="4.747" />

      <testcase classname="fr.isima.webdev.VoteServiceSpec" name="test vote down" time="0.139" />

      <testcase classname="fr.isima.webdev.VoteServiceSpec" name="test of non repetition down" time="0.102" />

      <testcase classname="fr.isima.webdev.VoteServiceSpec" name="test of non repetition up" time="0.125" />

      <testcase classname="fr.isima.webdev.VoteServiceSpec" name="test of vote after devote" time="0.148" />

      <system-out><![CDATA[--Output from test vote up--
--Output from test vote down--
--Output from test of non repetition down--
--Output from test of non repetition up--
--Output from test of vote after devote--
]]></system-out>

      <system-err><![CDATA[--Output from test vote up--
--Output from test vote down--
--Output from test of non repetition down--
--Output from test of non repetition up--
--Output from test of vote after devote--
]]></system-err>

  </testsuite>
  <testsuite errors="0" failures="0" hostname="elgadimo" id="6" name="VoteSpec" package="fr.isima.webdev" tests="2" time="0.32" timestamp="2015-02-08T17:40:34">
      <properties />

      <testcase classname="fr.isima.webdev.VoteSpec" name="test vote creation" time="0.193" />

      <testcase classname="fr.isima.webdev.VoteSpec" name="test vote suppression" time="0.102" />

      <system-out><![CDATA[--Output from test vote creation--
--Output from test vote suppression--
]]></system-out>

      <system-err><![CDATA[--Output from test vote creation--
--Output from test vote suppression--
]]></system-err>

  </testsuite>
</testsuites>
