# JRE version: OpenJDK Runtime Environment (7.0_65-b32) (build 1.7.0_65-b32)
# Java VM: OpenJDK 64-Bit Server VM (24.65-b04 mixed mode linux-amd64 compressed oops)
Heap
 PSYoungGen      total 193536K, used 14806K [0x00000000f0000000, 0x00000000ff880000, 0x0000000100000000)
  eden space 135168K, 0% used [0x00000000f0000000,0x00000000f0000000,0x00000000f8400000)
  from space 58368K, 25% used [0x00000000f8400000,0x00000000f9275a18,0x00000000fbd00000)
  to   space 56832K, 0% used [0x00000000fc100000,0x00000000fc100000,0x00000000ff880000)
 ParOldGen       total 145408K, used 145220K [0x00000000d0000000, 0x00000000d8e00000, 0x00000000f0000000)
  object space 145408K, 99% used [0x00000000d0000000,0x00000000d8dd1118,0x00000000d8e00000)
 PSPermGen       total 85504K, used 85364K [0x00000000c0000000, 0x00000000c5380000, 0x00000000d0000000)
  object space 85504K, 99% used [0x00000000c0000000,0x00000000c535d168,0x00000000c5380000)
GC Heap History (10 events):
Event: 144,283 GC heap after
Heap after GC invocations=56 (full 3):
 PSYoungGen      total 164352K, used 38157K [0x00000000f0000000, 0x00000000ffc00000, 0x0000000100000000)
  eden space 125952K, 0% used [0x00000000f0000000,0x00000000f0000000,0x00000000f7b00000)
  from space 38400K, 99% used [0x00000000f7b00000,0x00000000fa043490,0x00000000fa080000)
  to   space 66048K, 0% used [0x00000000fbb80000,0x00000000fbb80000,0x00000000ffc00000)
 ParOldGen       total 145408K, used 125443K [0x00000000d0000000, 0x00000000d8e00000, 0x00000000f0000000)
  object space 145408K, 86% used [0x00000000d0000000,0x00000000d7a80fc0,0x00000000d8e00000)
 PSPermGen       total 84992K, used 84496K [0x00000000c0000000, 0x00000000c5300000, 0x00000000d0000000)
  object space 84992K, 99% used [0x00000000c0000000,0x00000000c52842c0,0x00000000c5300000)
}
Event: 158,945 GC heap before
{Heap before GC invocations=57 (full 3):
 PSYoungGen      total 164352K, used 164109K [0x00000000f0000000, 0x00000000ffc00000, 0x0000000100000000)
  eden space 125952K, 100% used [0x00000000f0000000,0x00000000f7b00000,0x00000000f7b00000)
  from space 38400K, 99% used [0x00000000f7b00000,0x00000000fa043490,0x00000000fa080000)
  to   space 66048K, 0% used [0x00000000fbb80000,0x00000000fbb80000,0x00000000ffc00000)
 ParOldGen       total 145408K, used 125443K [0x00000000d0000000, 0x00000000d8e00000, 0x00000000f0000000)
  object space 145408K, 86% used [0x00000000d0000000,0x00000000d7a80fc0,0x00000000d8e00000)
 PSPermGen       total 85504K, used 85073K [0x00000000c0000000, 0x00000000c5380000, 0x00000000d0000000)
  object space 85504K, 99% used [0x00000000c0000000,0x00000000c5314748,0x00000000c5380000)
Event: 159,148 GC heap after
Heap after GC invocations=57 (full 3):
 PSYoungGen      total 195072K, used 35087K [0x00000000f0000000, 0x00000000fff00000, 0x0000000100000000)
  eden space 129024K, 0% used [0x00000000f0000000,0x00000000f0000000,0x00000000f7e00000)
  from space 66048K, 53% used [0x00000000fbb80000,0x00000000fddc3e18,0x00000000ffc00000)
  to   space 62976K, 0% used [0x00000000f7e00000,0x00000000f7e00000,0x00000000fbb80000)
 ParOldGen       total 145408K, used 129826K [0x00000000d0000000, 0x00000000d8e00000, 0x00000000f0000000)
  object space 145408K, 89% used [0x00000000d0000000,0x00000000d7ec8828,0x00000000d8e00000)
 PSPermGen       total 85504K, used 85073K [0x00000000c0000000, 0x00000000c5380000, 0x00000000d0000000)
  object space 85504K, 99% used [0x00000000c0000000,0x00000000c5314748,0x00000000c5380000)
}
Event: 187,007 GC heap before
{Heap before GC invocations=58 (full 3):
 PSYoungGen      total 195072K, used 164111K [0x00000000f0000000, 0x00000000fff00000, 0x0000000100000000)
  eden space 129024K, 100% used [0x00000000f0000000,0x00000000f7e00000,0x00000000f7e00000)
  from space 66048K, 53% used [0x00000000fbb80000,0x00000000fddc3e18,0x00000000ffc00000)
  to   space 62976K, 0% used [0x00000000f7e00000,0x00000000f7e00000,0x00000000fbb80000)
 ParOldGen       total 145408K, used 129826K [0x00000000d0000000, 0x00000000d8e00000, 0x00000000f0000000)
  object space 145408K, 89% used [0x00000000d0000000,0x00000000d7ec8828,0x00000000d8e00000)
 PSPermGen       total 85504K, used 85121K [0x00000000c0000000, 0x00000000c5380000, 0x00000000d0000000)
  object space 85504K, 99% used [0x00000000c0000000,0x00000000c5320700,0x00000000c5380000)
Event: 187,173 GC heap after
Heap after GC invocations=58 (full 3):
 PSYoungGen      total 192000K, used 34510K [0x00000000f0000000, 0x00000000ff800000, 0x0000000100000000)
  eden space 129024K, 0% used [0x00000000f0000000,0x00000000f0000000,0x00000000f7e00000)
  from space 62976K, 54% used [0x00000000f7e00000,0x00000000f9fb3990,0x00000000fbb80000)
  to   space 60416K, 0% used [0x00000000fbd00000,0x00000000fbd00000,0x00000000ff800000)
 ParOldGen       total 145408K, used 132268K [0x00000000d0000000, 0x00000000d8e00000, 0x00000000f0000000)
  object space 145408K, 90% used [0x00000000d0000000,0x00000000d812b058,0x00000000d8e00000)
 PSPermGen       total 85504K, used 85121K [0x00000000c0000000, 0x00000000c5380000, 0x00000000d0000000)
  object space 85504K, 99% used [0x00000000c0000000,0x00000000c5320700,0x00000000c5380000)
}
Event: 269,625 GC heap before
{Heap before GC invocations=59 (full 3):
 PSYoungGen      total 192000K, used 163534K [0x00000000f0000000, 0x00000000ff800000, 0x0000000100000000)
  eden space 129024K, 100% used [0x00000000f0000000,0x00000000f7e00000,0x00000000f7e00000)
  from space 62976K, 54% used [0x00000000f7e00000,0x00000000f9fb3990,0x00000000fbb80000)
  to   space 60416K, 0% used [0x00000000fbd00000,0x00000000fbd00000,0x00000000ff800000)
 ParOldGen       total 145408K, used 132268K [0x00000000d0000000, 0x00000000d8e00000, 0x00000000f0000000)
  object space 145408K, 90% used [0x00000000d0000000,0x00000000d812b058,0x00000000d8e00000)
 PSPermGen       total 85504K, used 85325K [0x00000000c0000000, 0x00000000c5380000, 0x00000000d0000000)
  object space 85504K, 99% used [0x00000000c0000000,0x00000000c5353418,0x00000000c5380000)
Event: 269,695 GC heap after
Heap after GC invocations=59 (full 3):
 PSYoungGen      total 194048K, used 32549K [0x00000000f0000000, 0x00000000ff680000, 0x0000000100000000)
  eden space 135168K, 0% used [0x00000000f0000000,0x00000000f0000000,0x00000000f8400000)
  from space 58880K, 55% used [0x00000000fbd00000,0x00000000fdcc9500,0x00000000ff680000)
  to   space 58368K, 0% used [0x00000000f8400000,0x00000000f8400000,0x00000000fbd00000)
 ParOldGen       total 145408K, used 133180K [0x00000000d0000000, 0x00000000d8e00000, 0x00000000f0000000)
  object space 145408K, 91% used [0x00000000d0000000,0x00000000d820f078,0x00000000d8e00000)
 PSPermGen       total 85504K, used 85325K [0x00000000c0000000, 0x00000000c5380000, 0x00000000d0000000)
  object space 85504K, 99% used [0x00000000c0000000,0x00000000c5353418,0x00000000c5380000)
}
Event: 326,274 GC heap before
{Heap before GC invocations=60 (full 3):
 PSYoungGen      total 194048K, used 167717K [0x00000000f0000000, 0x00000000ff680000, 0x0000000100000000)
  eden space 135168K, 100% used [0x00000000f0000000,0x00000000f8400000,0x00000000f8400000)
  from space 58880K, 55% used [0x00000000fbd00000,0x00000000fdcc9500,0x00000000ff680000)
  to   space 58368K, 0% used [0x00000000f8400000,0x00000000f8400000,0x00000000fbd00000)
 ParOldGen       total 145408K, used 133180K [0x00000000d0000000, 0x00000000d8e00000, 0x00000000f0000000)
  object space 145408K, 91% used [0x00000000d0000000,0x00000000d820f078,0x00000000d8e00000)
 PSPermGen       total 85504K, used 85408K [0x00000000c0000000, 0x00000000c5380000, 0x00000000d0000000)
  object space 85504K, 99% used [0x00000000c0000000,0x00000000c5368220,0x00000000c5380000)
Event: 326,396 GC heap after
Heap after GC invocations=60 (full 3):
 PSYoungGen      total 193536K, used 29014K [0x00000000f0000000, 0x00000000ff880000, 0x0000000100000000)
  eden space 135168K, 0% used [0x00000000f0000000,0x00000000f0000000,0x00000000f8400000)
  from space 58368K, 49% used [0x00000000f8400000,0x00000000fa0559b8,0x00000000fbd00000)
  to   space 56832K, 0% used [0x00000000fc100000,0x00000000fc100000,0x00000000ff880000)
 ParOldGen       total 145408K, used 137113K [0x00000000d0000000, 0x00000000d8e00000, 0x00000000f0000000)
  object space 145408K, 94% used [0x00000000d0000000,0x00000000d85e6760,0x00000000d8e00000)
 PSPermGen       total 85504K, used 85408K [0x00000000c0000000, 0x00000000c5380000, 0x00000000d0000000)
  object space 85504K, 99% used [0x00000000c0000000,0x00000000c5368220,0x00000000c5380000)
}
Event: 326,396 GC heap before
{Heap before GC invocations=61 (full 4):
 PSYoungGen      total 193536K, used 29014K [0x00000000f0000000, 0x00000000ff880000, 0x0000000100000000)
  eden space 135168K, 0% used [0x00000000f0000000,0x00000000f0000000,0x00000000f8400000)
  from space 58368K, 49% used [0x00000000f8400000,0x00000000fa0559b8,0x00000000fbd00000)
  to   space 56832K, 0% used [0x00000000fc100000,0x00000000fc100000,0x00000000ff880000)
 ParOldGen       total 145408K, used 137113K [0x00000000d0000000, 0x00000000d8e00000, 0x00000000f0000000)
  object space 145408K, 94% used [0x00000000d0000000,0x00000000d85e6760,0x00000000d8e00000)
 PSPermGen       total 85504K, used 85408K [0x00000000c0000000, 0x00000000c5380000, 0x00000000d0000000)
  object space 85504K, 99% used [0x00000000c0000000,0x00000000c5368220,0x00000000c5380000)

