# JRE version: OpenJDK Runtime Environment (7.0_65-b32) (build 1.7.0_65-b32)
# Java VM: OpenJDK 64-Bit Server VM (24.65-b04 mixed mode linux-amd64 compressed oops)
Heap
 PSYoungGen      total 204800K, used 22285K [0x00000000f0000000, 0x0000000100000000, 0x0000000100000000)
  eden space 146432K, 0% used [0x00000000f0000000,0x00000000f0000000,0x00000000f8f00000)
  from space 58368K, 38% used [0x00000000fc700000,0x00000000fdcc3458,0x0000000100000000)
  to   space 57344K, 0% used [0x00000000f8f00000,0x00000000f8f00000,0x00000000fc700000)
 ParOldGen       total 155648K, used 155226K [0x00000000d0000000, 0x00000000d9800000, 0x00000000f0000000)
  object space 155648K, 99% used [0x00000000d0000000,0x00000000d9796ae8,0x00000000d9800000)
 PSPermGen       total 88576K, used 88235K [0x00000000c0000000, 0x00000000c5680000, 0x00000000d0000000)
  object space 88576K, 99% used [0x00000000c0000000,0x00000000c562acb0,0x00000000c5680000)
GC Heap History (10 events):
Event: 321,570 GC heap after
Heap after GC invocations=64 (full 4):
 PSYoungGen      total 205312K, used 37163K [0x00000000f0000000, 0x0000000100000000, 0x0000000100000000)
  eden space 153600K, 0% used [0x00000000f0000000,0x00000000f0000000,0x00000000f9600000)
  from space 51712K, 71% used [0x00000000fcd80000,0x00000000ff1cace8,0x0000000100000000)
  to   space 54272K, 0% used [0x00000000f9600000,0x00000000f9600000,0x00000000fcb00000)
 ParOldGen       total 155648K, used 139368K [0x00000000d0000000, 0x00000000d9800000, 0x00000000f0000000)
  object space 155648K, 89% used [0x00000000d0000000,0x00000000d881a230,0x00000000d9800000)
 PSPermGen       total 87040K, used 86916K [0x00000000c0000000, 0x00000000c5500000, 0x00000000d0000000)
  object space 87040K, 99% used [0x00000000c0000000,0x00000000c54e12a8,0x00000000c5500000)
}
Event: 369,934 GC heap before
{Heap before GC invocations=65 (full 4):
 PSYoungGen      total 205312K, used 190763K [0x00000000f0000000, 0x0000000100000000, 0x0000000100000000)
  eden space 153600K, 100% used [0x00000000f0000000,0x00000000f9600000,0x00000000f9600000)
  from space 51712K, 71% used [0x00000000fcd80000,0x00000000ff1cace8,0x0000000100000000)
  to   space 54272K, 0% used [0x00000000f9600000,0x00000000f9600000,0x00000000fcb00000)
 ParOldGen       total 155648K, used 139368K [0x00000000d0000000, 0x00000000d9800000, 0x00000000f0000000)
  object space 155648K, 89% used [0x00000000d0000000,0x00000000d881a230,0x00000000d9800000)
 PSPermGen       total 87040K, used 86992K [0x00000000c0000000, 0x00000000c5500000, 0x00000000d0000000)
  object space 87040K, 99% used [0x00000000c0000000,0x00000000c54f4060,0x00000000c5500000)
Event: 370,039 GC heap after
Heap after GC invocations=65 (full 4):
 PSYoungGen      total 189952K, used 36151K [0x00000000f0000000, 0x0000000100000000, 0x0000000100000000)
  eden space 153600K, 0% used [0x00000000f0000000,0x00000000f0000000,0x00000000f9600000)
  from space 36352K, 99% used [0x00000000f9600000,0x00000000fb94dfb8,0x00000000fb980000)
  to   space 55808K, 0% used [0x00000000fc980000,0x00000000fc980000,0x0000000100000000)
 ParOldGen       total 155648K, used 143311K [0x00000000d0000000, 0x00000000d9800000, 0x00000000f0000000)
  object space 155648K, 92% used [0x00000000d0000000,0x00000000d8bf3f80,0x00000000d9800000)
 PSPermGen       total 87040K, used 86992K [0x00000000c0000000, 0x00000000c5500000, 0x00000000d0000000)
  object space 87040K, 99% used [0x00000000c0000000,0x00000000c54f4060,0x00000000c5500000)
}
Event: 371,120 GC heap before
{Heap before GC invocations=66 (full 4):
 PSYoungGen      total 189952K, used 189751K [0x00000000f0000000, 0x0000000100000000, 0x0000000100000000)
  eden space 153600K, 100% used [0x00000000f0000000,0x00000000f9600000,0x00000000f9600000)
  from space 36352K, 99% used [0x00000000f9600000,0x00000000fb94dfb8,0x00000000fb980000)
  to   space 55808K, 0% used [0x00000000fc980000,0x00000000fc980000,0x0000000100000000)
 ParOldGen       total 155648K, used 143311K [0x00000000d0000000, 0x00000000d9800000, 0x00000000f0000000)
  object space 155648K, 92% used [0x00000000d0000000,0x00000000d8bf3f80,0x00000000d9800000)
 PSPermGen       total 88064K, used 87711K [0x00000000c0000000, 0x00000000c5600000, 0x00000000d0000000)
  object space 88064K, 99% used [0x00000000c0000000,0x00000000c55a7e48,0x00000000c5600000)
Event: 371,150 GC heap after
Heap after GC invocations=66 (full 4):
 PSYoungGen      total 204288K, used 36542K [0x00000000f0000000, 0x0000000100000000, 0x0000000100000000)
  eden space 148480K, 0% used [0x00000000f0000000,0x00000000f0000000,0x00000000f9100000)
  from space 55808K, 65% used [0x00000000fc980000,0x00000000fed2fb30,0x0000000100000000)
  to   space 56832K, 0% used [0x00000000f9100000,0x00000000f9100000,0x00000000fc880000)
 ParOldGen       total 155648K, used 143311K [0x00000000d0000000, 0x00000000d9800000, 0x00000000f0000000)
  object space 155648K, 92% used [0x00000000d0000000,0x00000000d8bf3f80,0x00000000d9800000)
 PSPermGen       total 88064K, used 87711K [0x00000000c0000000, 0x00000000c5600000, 0x00000000d0000000)
  object space 88064K, 99% used [0x00000000c0000000,0x00000000c55a7e48,0x00000000c5600000)
}
Event: 371,541 GC heap before
{Heap before GC invocations=67 (full 4):
 PSYoungGen      total 204288K, used 185022K [0x00000000f0000000, 0x0000000100000000, 0x0000000100000000)
  eden space 148480K, 100% used [0x00000000f0000000,0x00000000f9100000,0x00000000f9100000)
  from space 55808K, 65% used [0x00000000fc980000,0x00000000fed2fb30,0x0000000100000000)
  to   space 56832K, 0% used [0x00000000f9100000,0x00000000f9100000,0x00000000fc880000)
 ParOldGen       total 155648K, used 143311K [0x00000000d0000000, 0x00000000d9800000, 0x00000000f0000000)
  object space 155648K, 92% used [0x00000000d0000000,0x00000000d8bf3f80,0x00000000d9800000)
 PSPermGen       total 88064K, used 87759K [0x00000000c0000000, 0x00000000c5600000, 0x00000000d0000000)
  object space 88064K, 99% used [0x00000000c0000000,0x00000000c55b3d00,0x00000000c5600000)
Event: 371,570 GC heap after
Heap after GC invocations=67 (full 4):
 PSYoungGen      total 188416K, used 39606K [0x00000000f0000000, 0x0000000100000000, 0x0000000100000000)
  eden space 148480K, 0% used [0x00000000f0000000,0x00000000f0000000,0x00000000f9100000)
  from space 39936K, 99% used [0x00000000f9100000,0x00000000fb7adae0,0x00000000fb800000)
  to   space 58368K, 0% used [0x00000000fc700000,0x00000000fc700000,0x0000000100000000)
 ParOldGen       total 155648K, used 143311K [0x00000000d0000000, 0x00000000d9800000, 0x00000000f0000000)
  object space 155648K, 92% used [0x00000000d0000000,0x00000000d8bf3f80,0x00000000d9800000)
 PSPermGen       total 88064K, used 87759K [0x00000000c0000000, 0x00000000c5600000, 0x00000000d0000000)
  object space 88064K, 99% used [0x00000000c0000000,0x00000000c55b3d00,0x00000000c5600000)
}
Event: 410,073 GC heap before
{Heap before GC invocations=68 (full 4):
 PSYoungGen      total 188416K, used 188086K [0x00000000f0000000, 0x0000000100000000, 0x0000000100000000)
  eden space 148480K, 100% used [0x00000000f0000000,0x00000000f9100000,0x00000000f9100000)
  from space 39936K, 99% used [0x00000000f9100000,0x00000000fb7adae0,0x00000000fb800000)
  to   space 58368K, 0% used [0x00000000fc700000,0x00000000fc700000,0x0000000100000000)
 ParOldGen       total 155648K, used 143311K [0x00000000d0000000, 0x00000000d9800000, 0x00000000f0000000)
  object space 155648K, 92% used [0x00000000d0000000,0x00000000d8bf3f80,0x00000000d9800000)
 PSPermGen       total 88576K, used 88299K [0x00000000c0000000, 0x00000000c5680000, 0x00000000d0000000)
  object space 88576K, 99% used [0x00000000c0000000,0x00000000c563aca0,0x00000000c5680000)
Event: 410,156 GC heap after
Heap after GC invocations=68 (full 4):
 PSYoungGen      total 204800K, used 33303K [0x00000000f0000000, 0x0000000100000000, 0x0000000100000000)
  eden space 146432K, 0% used [0x00000000f0000000,0x00000000f0000000,0x00000000f8f00000)
  from space 58368K, 57% used [0x00000000fc700000,0x00000000fe785f10,0x0000000100000000)
  to   space 57344K, 0% used [0x00000000f8f00000,0x00000000f8f00000,0x00000000fc700000)
 ParOldGen       total 155648K, used 152363K [0x00000000d0000000, 0x00000000d9800000, 0x00000000f0000000)
  object space 155648K, 97% used [0x00000000d0000000,0x00000000d94caf68,0x00000000d9800000)
 PSPermGen       total 88576K, used 88299K [0x00000000c0000000, 0x00000000c5680000, 0x00000000d0000000)
  object space 88576K, 99% used [0x00000000c0000000,0x00000000c563aca0,0x00000000c5680000)
}
Event: 410,156 GC heap before
{Heap before GC invocations=69 (full 5):
 PSYoungGen      total 204800K, used 33303K [0x00000000f0000000, 0x0000000100000000, 0x0000000100000000)
  eden space 146432K, 0% used [0x00000000f0000000,0x00000000f0000000,0x00000000f8f00000)
  from space 58368K, 57% used [0x00000000fc700000,0x00000000fe785f10,0x0000000100000000)
  to   space 57344K, 0% used [0x00000000f8f00000,0x00000000f8f00000,0x00000000fc700000)
 ParOldGen       total 155648K, used 152363K [0x00000000d0000000, 0x00000000d9800000, 0x00000000f0000000)
  object space 155648K, 97% used [0x00000000d0000000,0x00000000d94caf68,0x00000000d9800000)
 PSPermGen       total 88576K, used 88299K [0x00000000c0000000, 0x00000000c5680000, 0x00000000d0000000)
  object space 88576K, 99% used [0x00000000c0000000,0x00000000c563aca0,0x00000000c5680000)

