# JRE version: OpenJDK Runtime Environment (7.0_65-b32) (build 1.7.0_65-b32)
# Java VM: OpenJDK 64-Bit Server VM (24.65-b04 mixed mode linux-amd64 compressed oops)
Heap
 PSYoungGen      total 203776K, used 13380K [0x00000000f0000000, 0x00000000ff900000, 0x0000000100000000)
  eden space 151552K, 0% used [0x00000000f0000000,0x00000000f0000000,0x00000000f9400000)
  from space 52224K, 25% used [0x00000000fc600000,0x00000000fd311018,0x00000000ff900000)
  to   space 51200K, 0% used [0x00000000f9400000,0x00000000f9400000,0x00000000fc600000)
 ParOldGen       total 164352K, used 163920K [0x00000000d0000000, 0x00000000da080000, 0x00000000f0000000)
  object space 164352K, 99% used [0x00000000d0000000,0x00000000da014130,0x00000000da080000)
 PSPermGen       total 90112K, used 89841K [0x00000000c0000000, 0x00000000c5800000, 0x00000000d0000000)
  object space 90112K, 99% used [0x00000000c0000000,0x00000000c57bc4f8,0x00000000c5800000)
GC Heap History (10 events):
Event: 488,669 GC heap after
Heap after GC invocations=72 (full 4):
 PSYoungGen      total 203776K, used 37302K [0x00000000f0000000, 0x0000000100000000, 0x0000000100000000)
  eden space 146432K, 0% used [0x00000000f0000000,0x00000000f0000000,0x00000000f8f00000)
  from space 57344K, 65% used [0x00000000fc800000,0x00000000fec6d8f8,0x0000000100000000)
  to   space 57856K, 0% used [0x00000000f8f00000,0x00000000f8f00000,0x00000000fc780000)
 ParOldGen       total 164352K, used 143570K [0x00000000d0000000, 0x00000000da080000, 0x00000000f0000000)
  object space 164352K, 87% used [0x00000000d0000000,0x00000000d8c34880,0x00000000da080000)
 PSPermGen       total 89600K, used 89376K [0x00000000c0000000, 0x00000000c5780000, 0x00000000d0000000)
  object space 89600K, 99% used [0x00000000c0000000,0x00000000c5748330,0x00000000c5780000)
}
Event: 547,698 GC heap before
{Heap before GC invocations=73 (full 4):
 PSYoungGen      total 203776K, used 183734K [0x00000000f0000000, 0x0000000100000000, 0x0000000100000000)
  eden space 146432K, 100% used [0x00000000f0000000,0x00000000f8f00000,0x00000000f8f00000)
  from space 57344K, 65% used [0x00000000fc800000,0x00000000fec6d8f8,0x0000000100000000)
  to   space 57856K, 0% used [0x00000000f8f00000,0x00000000f8f00000,0x00000000fc780000)
 ParOldGen       total 164352K, used 143570K [0x00000000d0000000, 0x00000000da080000, 0x00000000f0000000)
  object space 164352K, 87% used [0x00000000d0000000,0x00000000d8c34880,0x00000000da080000)
 PSPermGen       total 89600K, used 89550K [0x00000000c0000000, 0x00000000c5780000, 0x00000000d0000000)
  object space 89600K, 99% used [0x00000000c0000000,0x00000000c57738f8,0x00000000c5780000)
Event: 547,771 GC heap after
Heap after GC invocations=73 (full 4):
 PSYoungGen      total 176640K, used 34229K [0x00000000f0000000, 0x00000000ffb00000, 0x0000000100000000)
  eden space 142336K, 0% used [0x00000000f0000000,0x00000000f0000000,0x00000000f8b00000)
  from space 34304K, 99% used [0x00000000f8f00000,0x00000000fb06d798,0x00000000fb080000)
  to   space 57344K, 0% used [0x00000000fc300000,0x00000000fc300000,0x00000000ffb00000)
 ParOldGen       total 164352K, used 147564K [0x00000000d0000000, 0x00000000da080000, 0x00000000f0000000)
  object space 164352K, 89% used [0x00000000d0000000,0x00000000d901b3c0,0x00000000da080000)
 PSPermGen       total 89600K, used 89550K [0x00000000c0000000, 0x00000000c5780000, 0x00000000d0000000)
  object space 89600K, 99% used [0x00000000c0000000,0x00000000c57738f8,0x00000000c5780000)
}
Event: 575,658 GC heap before
{Heap before GC invocations=74 (full 4):
 PSYoungGen      total 176640K, used 176565K [0x00000000f0000000, 0x00000000ffb00000, 0x0000000100000000)
  eden space 142336K, 100% used [0x00000000f0000000,0x00000000f8b00000,0x00000000f8b00000)
  from space 34304K, 99% used [0x00000000f8f00000,0x00000000fb06d798,0x00000000fb080000)
  to   space 57344K, 0% used [0x00000000fc300000,0x00000000fc300000,0x00000000ffb00000)
 ParOldGen       total 164352K, used 147564K [0x00000000d0000000, 0x00000000da080000, 0x00000000f0000000)
  object space 164352K, 89% used [0x00000000d0000000,0x00000000d901b3c0,0x00000000da080000)
 PSPermGen       total 90112K, used 89809K [0x00000000c0000000, 0x00000000c5800000, 0x00000000d0000000)
  object space 90112K, 99% used [0x00000000c0000000,0x00000000c57b45e0,0x00000000c5800000)
Event: 576,516 GC heap after
Heap after GC invocations=74 (full 4):
 PSYoungGen      total 201216K, used 32448K [0x00000000f0000000, 0x0000000100000000, 0x0000000100000000)
  eden space 143872K, 0% used [0x00000000f0000000,0x00000000f0000000,0x00000000f8c80000)
  from space 57344K, 56% used [0x00000000fc300000,0x00000000fe2b00d0,0x00000000ffb00000)
  to   space 55808K, 0% used [0x00000000f8c80000,0x00000000f8c80000,0x00000000fc300000)
 ParOldGen       total 164352K, used 150270K [0x00000000d0000000, 0x00000000da080000, 0x00000000f0000000)
  object space 164352K, 91% used [0x00000000d0000000,0x00000000d92bf8d8,0x00000000da080000)
 PSPermGen       total 90112K, used 89809K [0x00000000c0000000, 0x00000000c5800000, 0x00000000d0000000)
  object space 90112K, 99% used [0x00000000c0000000,0x00000000c57b45e0,0x00000000c5800000)
}
Event: 577,679 GC heap before
{Heap before GC invocations=75 (full 4):
 PSYoungGen      total 201216K, used 176320K [0x00000000f0000000, 0x0000000100000000, 0x0000000100000000)
  eden space 143872K, 100% used [0x00000000f0000000,0x00000000f8c80000,0x00000000f8c80000)
  from space 57344K, 56% used [0x00000000fc300000,0x00000000fe2b00d0,0x00000000ffb00000)
  to   space 55808K, 0% used [0x00000000f8c80000,0x00000000f8c80000,0x00000000fc300000)
 ParOldGen       total 164352K, used 150270K [0x00000000d0000000, 0x00000000da080000, 0x00000000f0000000)
  object space 164352K, 91% used [0x00000000d0000000,0x00000000d92bf8d8,0x00000000da080000)
 PSPermGen       total 90112K, used 89814K [0x00000000c0000000, 0x00000000c5800000, 0x00000000d0000000)
  object space 90112K, 99% used [0x00000000c0000000,0x00000000c57b5850,0x00000000c5800000)
Event: 577,722 GC heap after
Heap after GC invocations=75 (full 4):
 PSYoungGen      total 199680K, used 30623K [0x00000000f0000000, 0x00000000ffa80000, 0x0000000100000000)
  eden space 143872K, 0% used [0x00000000f0000000,0x00000000f0000000,0x00000000f8c80000)
  from space 55808K, 54% used [0x00000000f8c80000,0x00000000faa67d70,0x00000000fc300000)
  to   space 53760K, 0% used [0x00000000fc600000,0x00000000fc600000,0x00000000ffa80000)
 ParOldGen       total 164352K, used 154167K [0x00000000d0000000, 0x00000000da080000, 0x00000000f0000000)
  object space 164352K, 93% used [0x00000000d0000000,0x00000000d968df18,0x00000000da080000)
 PSPermGen       total 90112K, used 89814K [0x00000000c0000000, 0x00000000c5800000, 0x00000000d0000000)
  object space 90112K, 99% used [0x00000000c0000000,0x00000000c57b5850,0x00000000c5800000)
}
Event: 578,302 GC heap before
{Heap before GC invocations=76 (full 4):
 PSYoungGen      total 199680K, used 174495K [0x00000000f0000000, 0x00000000ffa80000, 0x0000000100000000)
  eden space 143872K, 100% used [0x00000000f0000000,0x00000000f8c80000,0x00000000f8c80000)
  from space 55808K, 54% used [0x00000000f8c80000,0x00000000faa67d70,0x00000000fc300000)
  to   space 53760K, 0% used [0x00000000fc600000,0x00000000fc600000,0x00000000ffa80000)
 ParOldGen       total 164352K, used 154167K [0x00000000d0000000, 0x00000000da080000, 0x00000000f0000000)
  object space 164352K, 93% used [0x00000000d0000000,0x00000000d968df18,0x00000000da080000)
 PSPermGen       total 90112K, used 89925K [0x00000000c0000000, 0x00000000c5800000, 0x00000000d0000000)
  object space 90112K, 99% used [0x00000000c0000000,0x00000000c57d14f8,0x00000000c5800000)
Event: 578,342 GC heap after
Heap after GC invocations=76 (full 4):
 PSYoungGen      total 203776K, used 27598K [0x00000000f0000000, 0x00000000ff900000, 0x0000000100000000)
  eden space 151552K, 0% used [0x00000000f0000000,0x00000000f0000000,0x00000000f9400000)
  from space 52224K, 52% used [0x00000000fc600000,0x00000000fe0f3aa0,0x00000000ff900000)
  to   space 51200K, 0% used [0x00000000f9400000,0x00000000f9400000,0x00000000fc600000)
 ParOldGen       total 164352K, used 157668K [0x00000000d0000000, 0x00000000da080000, 0x00000000f0000000)
  object space 164352K, 95% used [0x00000000d0000000,0x00000000d99f9018,0x00000000da080000)
 PSPermGen       total 90112K, used 89925K [0x00000000c0000000, 0x00000000c5800000, 0x00000000d0000000)
  object space 90112K, 99% used [0x00000000c0000000,0x00000000c57d14f8,0x00000000c5800000)
}
Event: 578,371 GC heap before
{Heap before GC invocations=77 (full 5):
 PSYoungGen      total 203776K, used 27598K [0x00000000f0000000, 0x00000000ff900000, 0x0000000100000000)
  eden space 151552K, 0% used [0x00000000f0000000,0x00000000f0000000,0x00000000f9400000)
  from space 52224K, 52% used [0x00000000fc600000,0x00000000fe0f3aa0,0x00000000ff900000)
  to   space 51200K, 0% used [0x00000000f9400000,0x00000000f9400000,0x00000000fc600000)
 ParOldGen       total 164352K, used 157668K [0x00000000d0000000, 0x00000000da080000, 0x00000000f0000000)
  object space 164352K, 95% used [0x00000000d0000000,0x00000000d99f9018,0x00000000da080000)
 PSPermGen       total 90112K, used 89925K [0x00000000c0000000, 0x00000000c5800000, 0x00000000d0000000)
  object space 90112K, 99% used [0x00000000c0000000,0x00000000c57d14f8,0x00000000c5800000)

